sysbench 1.0.11 (using system LuaJIT 2.1.0-beta3)

Running the test with following options:
Number of threads: 6
Initializing random number generator from current time


Initializing worker threads...

Threads started!

SQL statistics:
    queries performed:
        read:                            327390
        write:                           93386
        other:                           46705
        total:                           467481
    transactions:                        23320  (388.60 per sec.)
    queries:                             467481 (7790.04 per sec.)
    ignored errors:                      65     (1.08 per sec.)
    reconnects:                          0      (0.00 per sec.)

General statistics:
    total time:                          60.0081s
    total number of events:              23320

Latency (ms):
         min:                                  4.82
         avg:                                 15.43
         max:                                 81.67
         95th percentile:                     20.37
         sum:                             359942.38

Threads fairness:
    events (avg/stddev):           3886.6667/5.19
    execution time (avg/stddev):   59.9904/0.00

